[debug] [2023-01-18T02:45:27.255Z] ----------------------------------------------------------------------
[debug] [2023-01-18T02:45:27.256Z] Command:       C:\Program Files\nodejs\node.exe C:\Users\utente\AppData\Roaming\npm\node_modules\firebase-tools\lib\bin\firebase.js init hosting
[debug] [2023-01-18T02:45:27.257Z] CLI Version:   11.20.0
[debug] [2023-01-18T02:45:27.257Z] Platform:      win32
[debug] [2023-01-18T02:45:27.257Z] Node Version:  v16.15.0
[debug] [2023-01-18T02:45:27.262Z] Time:          Wed Jan 18 2023 03:45:27 GMT+0100 (Ora standard dell’Europa centrale)
[debug] [2023-01-18T02:45:27.262Z] ----------------------------------------------------------------------
[debug] 
[debug] [2023-01-18T02:45:27.265Z] >>> [apiv2][query] GET https://firebase-public.firebaseio.com/cli.json [none]
[debug] [2023-01-18T02:45:27.339Z] > command requires scopes: ["email","openid","https://www.googleapis.com/auth/cloudplatformprojects.readonly","https://www.googleapis.com/auth/firebase","https://www.googleapis.com/auth/cloud-platform"]
[debug] [2023-01-18T02:45:27.340Z] > authorizing via signed-in user (fabiofattoriw@gmail.com)
[info] 
     ######## #### ########  ######## ########     ###     ######  ########
     ##        ##  ##     ## ##       ##     ##  ##   ##  ##       ##
     ######    ##  ########  ######   ########  #########  ######  ######
     ##        ##  ##    ##  ##       ##     ## ##     ##       ## ##
     ##       #### ##     ## ######## ########  ##     ##  ######  ########

You're about to initialize a Firebase project in this directory:

  C:\Users\utente\Desktop\my_music

Before we get started, keep in mind:

  * You are initializing within an existing Firebase project directory

[debug] [2023-01-18T02:45:27.665Z] <<< [apiv2][status] GET https://firebase-public.firebaseio.com/cli.json 200
[debug] [2023-01-18T02:45:27.665Z] <<< [apiv2][body] GET https://firebase-public.firebaseio.com/cli.json {"cloudBuildErrorAfter":1594252800000,"cloudBuildWarnAfter":1590019200000,"defaultNode10After":1594252800000,"minVersion":"3.0.5","node8DeploysDisabledAfter":1613390400000,"node8RuntimeDisabledAfter":1615809600000,"node8WarnAfter":1600128000000}
[info] 
=== Project Setup
[info] 
[info] First, let's associate this project directory with a Firebase project.
[info] You can create multiple project aliases by running firebase use --add, 
[info] but for now we'll just set up a default project.
[info] 
[debug] [2023-01-18T02:45:32.564Z] Using project from CLI flag: mymusic1112
[debug] [2023-01-18T02:45:32.565Z] > refreshing access token with scopes: []
[debug] [2023-01-18T02:45:32.566Z] >>> [apiv2][query] POST https://www.googleapis.com/oauth2/v3/token [none]
[debug] [2023-01-18T02:45:32.566Z] >>> [apiv2][body] POST https://www.googleapis.com/oauth2/v3/token [omitted]
[debug] [2023-01-18T02:45:32.750Z] <<< [apiv2][status] POST https://www.googleapis.com/oauth2/v3/token 200
[debug] [2023-01-18T02:45:32.750Z] <<< [apiv2][body] POST https://www.googleapis.com/oauth2/v3/token [omitted]
[debug] [2023-01-18T02:45:32.756Z] >>> [apiv2][query] GET https://firebase.googleapis.com/v1beta1/projects/mymusic1112 [none]
[debug] [2023-01-18T02:45:33.069Z] <<< [apiv2][status] GET https://firebase.googleapis.com/v1beta1/projects/mymusic1112 200
[debug] [2023-01-18T02:45:33.069Z] <<< [apiv2][body] GET https://firebase.googleapis.com/v1beta1/projects/mymusic1112 {"projectId":"mymusic1112","projectNumber":"841211748384","displayName":"MyMusic","name":"projects/mymusic1112","resources":{"hostingSite":"mymusic1112","storageBucket":"mymusic1112.appspot.com","locationId":"europe-west"},"state":"ACTIVE","etag":"1_7813154a-05fb-4a25-ac65-d03db04c733e"}
[info] i  Using project mymusic1112 (MyMusic) 
[info] 
=== Hosting Setup
[info] 
[info] Your public directory is the folder (relative to your project directory) that
[info] will contain Hosting assets to be uploaded with firebase deploy. If you
[info] have a build process for your assets, use your build's output directory.
[info] 
